[debug] [2019-08-09T23:36:05.139Z] ----------------------------------------------------------------------
[debug] [2019-08-09T23:36:05.141Z] Command:       C:\Program Files\nodejs\node.exe C:\Users\logonrmlocal\AppData\Roaming\npm\node_modules\firebase-tools\lib\bin\firebase.js login --reauth
[debug] [2019-08-09T23:36:05.142Z] CLI Version:   7.2.2
[debug] [2019-08-09T23:36:05.142Z] Platform:      win32
[debug] [2019-08-09T23:36:05.142Z] Node Version:  v10.16.0
[debug] [2019-08-09T23:36:05.143Z] Time:          Fri Aug 09 2019 20:36:05 GMT-0300 (GMT-03:00)
[debug] [2019-08-09T23:36:05.143Z] ----------------------------------------------------------------------
[debug] 
[info] 
[info] Visit this URL on any device to log in:
[info] https://accounts.google.com/o/oauth2/auth?client_id=563584335869-fgrhgmd47bqnekij5i8b5pr03ho849e6.apps.googleusercontent.com&scope=email%20openid%20https%3A%2F%2Fwww.googleapis.com%2Fauth%2Fcloudplatformprojects.readonly%20https%3A%2F%2Fwww.googleapis.com%2Fauth%2Ffirebase%20https%3A%2F%2Fwww.googleapis.com%2Fauth%2Fcloud-platform&response_type=code&state=406706580&redirect_uri=http%3A%2F%2Flocalhost%3A9005
[info] 
[info] Waiting for authentication...
[debug] [2019-08-09T23:36:17.265Z] >>> HTTP REQUEST POST https://accounts.google.com/o/oauth2/token  

[debug] [2019-08-09T23:36:17.482Z] Token Fetch Error: FirebaseError: Server Error. self signed certificate in certificate chain
    at Request._callback (C:\Users\logonrmlocal\AppData\Roaming\npm\node_modules\firebase-tools\lib\api.js:30:31)
    at self.callback (C:\Users\logonrmlocal\AppData\Roaming\npm\node_modules\firebase-tools\node_modules\request\request.js:185:22)
    at Request.emit (events.js:198:13)
    at Request.EventEmitter.emit (domain.js:448:20)
    at Request.onRequestError (C:\Users\logonrmlocal\AppData\Roaming\npm\node_modules\firebase-tools\node_modules\request\request.js:881:8)
    at ClientRequest.emit (events.js:198:13)
    at ClientRequest.EventEmitter.emit (domain.js:448:20)
    at TLSSocket.socketErrorListener (_http_client.js:392:9)
    at TLSSocket.emit (events.js:198:13)
    at TLSSocket.EventEmitter.emit (domain.js:448:20)
